25-May-2024 17:57:58.881 INFO [main] org.apache.catalina.startup.VersionLoggerListener.log Server version name:   Apache Tomcat/9.0.83
25-May-2024 17:57:58.891 INFO [main] org.apache.catalina.startup.VersionLoggerListener.log Server built:          Nov 9 2023 20:57:42 UTC
25-May-2024 17:57:58.892 INFO [main] org.apache.catalina.startup.VersionLoggerListener.log Server version number: 9.0.83.0
25-May-2024 17:57:58.893 INFO [main] org.apache.catalina.startup.VersionLoggerListener.log OS Name:               Linux
25-May-2024 17:57:58.893 INFO [main] org.apache.catalina.startup.VersionLoggerListener.log OS Version:            6.6.22-linuxkit
25-May-2024 17:57:58.895 INFO [main] org.apache.catalina.startup.VersionLoggerListener.log Architecture:          amd64
25-May-2024 17:57:58.897 INFO [main] org.apache.catalina.startup.VersionLoggerListener.log Java Home:             /opt/java/openjdk
25-May-2024 17:57:58.897 INFO [main] org.apache.catalina.startup.VersionLoggerListener.log JVM Version:           17.0.7+7-LTS
25-May-2024 17:57:58.898 INFO [main] org.apache.catalina.startup.VersionLoggerListener.log JVM Vendor:            Amazon.com Inc.
25-May-2024 17:57:58.898 INFO [main] org.apache.catalina.startup.VersionLoggerListener.log CATALINA_BASE:         /opt/teamcity
25-May-2024 17:57:58.898 INFO [main] org.apache.catalina.startup.VersionLoggerListener.log CATALINA_HOME:         /opt/teamcity
25-May-2024 17:57:58.934 INFO [main] org.apache.catalina.startup.VersionLoggerListener.log Command line argument: --add-opens=jdk.management/com.sun.management.internal=ALL-UNNAMED
25-May-2024 17:57:58.935 INFO [main] org.apache.catalina.startup.VersionLoggerListener.log Command line argument: -XX:+IgnoreUnrecognizedVMOptions
25-May-2024 17:57:58.935 INFO [main] org.apache.catalina.startup.VersionLoggerListener.log Command line argument: --add-opens=java.base/java.lang=ALL-UNNAMED
25-May-2024 17:57:58.935 INFO [main] org.apache.catalina.startup.VersionLoggerListener.log Command line argument: --add-opens=java.base/java.io=ALL-UNNAMED
25-May-2024 17:57:58.936 INFO [main] org.apache.catalina.startup.VersionLoggerListener.log Command line argument: --add-opens=java.base/java.util=ALL-UNNAMED
25-May-2024 17:57:58.936 INFO [main] org.apache.catalina.startup.VersionLoggerListener.log Command line argument: --add-opens=java.base/java.util.concurrent=ALL-UNNAMED
25-May-2024 17:57:58.936 INFO [main] org.apache.catalina.startup.VersionLoggerListener.log Command line argument: --add-opens=java.rmi/sun.rmi.transport=ALL-UNNAMED
25-May-2024 17:57:58.936 INFO [main] org.apache.catalina.startup.VersionLoggerListener.log Command line argument: -Djava.util.logging.config.file=/opt/teamcity/conf/logging.properties
25-May-2024 17:57:58.936 INFO [main] org.apache.catalina.startup.VersionLoggerListener.log Command line argument: -Djava.util.logging.manager=org.apache.juli.ClassLoaderLogManager
25-May-2024 17:57:58.937 INFO [main] org.apache.catalina.startup.VersionLoggerListener.log Command line argument: -Djdk.tls.ephemeralDHKeySize=2048
25-May-2024 17:57:58.937 INFO [main] org.apache.catalina.startup.VersionLoggerListener.log Command line argument: -Djava.protocol.handler.pkgs=org.apache.catalina.webresources
25-May-2024 17:57:58.937 INFO [main] org.apache.catalina.startup.VersionLoggerListener.log Command line argument: -Dorg.apache.catalina.security.SecurityListener.UMASK=0027
25-May-2024 17:57:58.937 INFO [main] org.apache.catalina.startup.VersionLoggerListener.log Command line argument: -Xmx2g
25-May-2024 17:57:58.938 INFO [main] org.apache.catalina.startup.VersionLoggerListener.log Command line argument: -XX:ReservedCodeCacheSize=640m
25-May-2024 17:57:58.939 INFO [main] org.apache.catalina.startup.VersionLoggerListener.log Command line argument: -Dteamcity.configuration.path=../conf/teamcity-startup.properties
25-May-2024 17:57:58.941 INFO [main] org.apache.catalina.startup.VersionLoggerListener.log Command line argument: -Dlog4j2.configurationFile=file:/opt/teamcity/bin/../conf/teamcity-server-log4j.xml
25-May-2024 17:57:58.942 INFO [main] org.apache.catalina.startup.VersionLoggerListener.log Command line argument: -Dteamcity_logs=/opt/teamcity/bin/../logs
25-May-2024 17:57:58.943 INFO [main] org.apache.catalina.startup.VersionLoggerListener.log Command line argument: -Djava.awt.headless=true
25-May-2024 17:57:58.943 INFO [main] org.apache.catalina.startup.VersionLoggerListener.log Command line argument: -Dignore.endorsed.dirs=
25-May-2024 17:57:58.944 INFO [main] org.apache.catalina.startup.VersionLoggerListener.log Command line argument: -Dcatalina.base=/opt/teamcity
25-May-2024 17:57:58.945 INFO [main] org.apache.catalina.startup.VersionLoggerListener.log Command line argument: -Dcatalina.home=/opt/teamcity
25-May-2024 17:57:58.946 INFO [main] org.apache.catalina.startup.VersionLoggerListener.log Command line argument: -Djava.io.tmpdir=/opt/teamcity/temp
25-May-2024 17:57:58.952 INFO [main] org.apache.catalina.core.AprLifecycleListener.lifecycleEvent The Apache Tomcat Native library which allows using OpenSSL was not found on the java.library.path: [/usr/java/packages/lib:/usr/lib64:/lib64:/lib:/usr/lib]
25-May-2024 17:57:59.646 INFO [main] org.apache.coyote.AbstractProtocol.init Initializing ProtocolHandler ["http-nio-8111"]
25-May-2024 17:57:59.707 INFO [main] org.apache.catalina.startup.Catalina.load Server initialization in [1249] milliseconds
25-May-2024 17:57:59.863 INFO [main] org.apache.catalina.core.StandardService.startInternal Starting service [Catalina]
25-May-2024 17:57:59.863 INFO [main] org.apache.catalina.core.StandardEngine.startInternal Starting Servlet engine: [Apache Tomcat/9.0.83]
25-May-2024 17:57:59.883 INFO [main] org.apache.catalina.startup.HostConfig.deployDirectory Deploying web application directory [/opt/teamcity/webapps/ROOT]
25-May-2024 17:58:11.473 INFO [main] org.apache.catalina.startup.HostConfig.deployDirectory Deployment of web application directory [/opt/teamcity/webapps/ROOT] has finished in [11,589] ms
25-May-2024 17:58:11.476 INFO [main] org.apache.coyote.AbstractProtocol.start Starting ProtocolHandler ["http-nio-8111"]
25-May-2024 17:58:11.499 INFO [main] org.apache.catalina.startup.Catalina.start Server startup in [11795] milliseconds
